{"/Users/kyaruary/nftgo/NFTGo-Aggregator-JS-SDK/src/index.ts": {"path":"/Users/kyaruary/nftgo/NFTGo-Aggregator-JS-SDK/src/index.ts","statementMap":{"0":{"start":{"line":1,"column":0},"end":{"line":1,"column":43}},"1":{"start":{"line":3,"column":0},"end":{"line":3,"column":7}},"2":{"start":{"line":8,"column":9},"end":{"line":3,"column":30}},"3":{"start":{"line":5,"column":0},"end":{"line":5,"column":21}},"4":{"start":{"line":7,"column":0},"end":{"line":7,"column":31}}},"fnMap":{},"branchMap":{},"s":{"0":0,"1":0,"2":0,"3":0,"4":0},"f":{},"b":{}}
}
